2025-08-21 09:11:42,201 - User created. Username: test_user_1. User_id: 2.
2025-08-21 09:11:42,344 - User created. Username: test_user_2. User_id: 3.
2025-08-21 09:11:42,487 - User created. Username: test_user_3. User_id: 4.
2025-08-21 09:11:42,629 - User created. Username: test_user_4. User_id: 5.
2025-08-21 09:11:42,773 - User created. Username: test_user_5. User_id: 6.
2025-08-21 09:11:42,918 - User created. Username: test_user_6. User_id: 7.
2025-08-21 09:11:43,063 - User created. Username: test_user_7. User_id: 8.
2025-08-21 09:11:43,209 - User created. Username: test_user_8. User_id: 9.
2025-08-21 09:11:43,354 - User created. Username: test_user_9. User_id: 10.
2025-08-21 09:11:43,500 - User created. Username: test_user_10. User_id: 11.
2025-08-21 09:11:43,642 - User created. Username: test_user_11. User_id: 12.
2025-08-21 09:11:43,786 - User created. Username: test_user_12. User_id: 13.
2025-08-21 09:11:43,929 - User created. Username: test_user_13. User_id: 14.
2025-08-21 09:11:44,073 - User created. Username: test_user_14. User_id: 15.
2025-08-21 09:11:44,216 - User created. Username: test_user_15. User_id: 16.
2025-08-21 09:11:44,362 - User created. Username: test_user_16. User_id: 17.
2025-08-21 09:11:44,504 - User created. Username: test_user_17. User_id: 18.
2025-08-21 09:11:44,648 - User created. Username: test_user_18. User_id: 19.
2025-08-21 09:11:44,789 - User created. Username: test_user_19. User_id: 20.
2025-08-21 09:11:44,933 - User created. Username: test_user_20. User_id: 21.
2025-08-21 09:11:45,075 - User created. Username: test_user_21. User_id: 22.
2025-08-21 09:11:45,217 - User created. Username: test_user_22. User_id: 23.
2025-08-21 09:11:45,358 - User created. Username: test_user_23. User_id: 24.
2025-08-21 09:11:45,500 - User created. Username: test_user_24. User_id: 25.
2025-08-21 09:11:45,645 - User created. Username: test_user_25. User_id: 26.
2025-08-21 09:11:45,788 - User created. Username: test_user_26. User_id: 27.
2025-08-21 09:11:45,930 - User created. Username: test_user_27. User_id: 28.
2025-08-21 09:11:46,074 - User created. Username: test_user_28. User_id: 29.
2025-08-21 09:11:46,216 - User created. Username: test_user_29. User_id: 30.
2025-08-21 09:11:46,357 - User created. Username: test_user_30. User_id: 31.
2025-08-21 09:11:46,498 - User created. Username: test_user_31. User_id: 32.
2025-08-21 09:11:46,638 - User created. Username: test_user_32. User_id: 33.
2025-08-21 09:11:46,779 - User created. Username: test_user_33. User_id: 34.
2025-08-21 09:11:46,923 - User created. Username: test_user_34. User_id: 35.
2025-08-21 09:11:47,067 - User created. Username: test_user_35. User_id: 36.
2025-08-21 09:11:47,210 - User created. Username: test_user_36. User_id: 37.
2025-08-21 09:11:47,352 - User created. Username: test_user_37. User_id: 38.
2025-08-21 09:11:47,493 - User created. Username: test_user_38. User_id: 39.
2025-08-21 09:11:47,635 - User created. Username: test_user_39. User_id: 40.
2025-08-21 09:11:47,780 - User created. Username: test_user_40. User_id: 41.
2025-08-21 09:11:47,923 - User created. Username: test_user_41. User_id: 42.
2025-08-21 09:11:48,064 - User created. Username: test_user_42. User_id: 43.
2025-08-21 09:11:48,206 - User created. Username: test_user_43. User_id: 44.
2025-08-21 09:11:48,348 - User created. Username: test_user_44. User_id: 45.
2025-08-21 09:11:48,492 - User created. Username: test_user_45. User_id: 46.
2025-08-21 09:11:48,634 - User created. Username: test_user_46. User_id: 47.
2025-08-21 09:11:48,777 - User created. Username: test_user_47. User_id: 48.
2025-08-21 09:11:48,920 - User created. Username: test_user_48. User_id: 49.
2025-08-21 09:11:49,063 - User created. Username: test_user_49. User_id: 50.
2025-08-21 09:11:49,208 - User created. Username: test_user_50. User_id: 51.
2025-08-21 09:11:49,350 - User created. Username: test_user_51. User_id: 52.
2025-08-21 09:11:49,494 - User created. Username: test_user_52. User_id: 53.
2025-08-21 09:11:49,636 - User created. Username: test_user_53. User_id: 54.
2025-08-21 09:11:49,780 - User created. Username: test_user_54. User_id: 55.
2025-08-21 09:11:49,921 - User created. Username: test_user_55. User_id: 56.
2025-08-21 09:11:50,064 - User created. Username: test_user_56. User_id: 57.
2025-08-21 09:11:50,208 - User created. Username: test_user_57. User_id: 58.
2025-08-21 09:11:50,351 - User created. Username: test_user_58. User_id: 59.
2025-08-21 09:11:50,494 - User created. Username: test_user_59. User_id: 60.
2025-08-21 09:11:50,637 - User created. Username: test_user_60. User_id: 61.
2025-08-21 09:11:50,778 - User created. Username: test_user_61. User_id: 62.
2025-08-21 09:11:50,920 - User created. Username: test_user_62. User_id: 63.
2025-08-21 09:11:51,064 - User created. Username: test_user_63. User_id: 64.
2025-08-21 09:11:51,208 - User created. Username: test_user_64. User_id: 65.
2025-08-21 09:11:51,357 - User created. Username: test_user_65. User_id: 66.
2025-08-21 09:11:51,499 - User created. Username: test_user_66. User_id: 67.
2025-08-21 09:11:51,641 - User created. Username: test_user_67. User_id: 68.
2025-08-21 09:11:51,786 - User created. Username: test_user_68. User_id: 69.
2025-08-21 09:11:51,927 - User created. Username: test_user_69. User_id: 70.
2025-08-21 09:11:52,071 - User created. Username: test_user_70. User_id: 71.
2025-08-21 09:11:52,214 - User created. Username: test_user_71. User_id: 72.
2025-08-21 09:11:52,359 - User created. Username: test_user_72. User_id: 73.
2025-08-21 09:11:52,502 - User created. Username: test_user_73. User_id: 74.
2025-08-21 09:11:52,646 - User created. Username: test_user_74. User_id: 75.
2025-08-21 09:11:52,790 - User created. Username: test_user_75. User_id: 76.
2025-08-21 09:11:52,934 - User created. Username: test_user_76. User_id: 77.
2025-08-21 09:11:53,077 - User created. Username: test_user_77. User_id: 78.
2025-08-21 09:11:53,220 - User created. Username: test_user_78. User_id: 79.
2025-08-21 09:11:53,361 - User created. Username: test_user_79. User_id: 80.
2025-08-21 09:11:53,503 - User created. Username: test_user_80. User_id: 81.
2025-08-21 09:11:53,646 - User created. Username: test_user_81. User_id: 82.
2025-08-21 09:11:53,792 - User created. Username: test_user_82. User_id: 83.
2025-08-21 09:11:53,935 - User created. Username: test_user_83. User_id: 84.
2025-08-21 09:11:54,079 - User created. Username: test_user_84. User_id: 85.
2025-08-21 09:11:54,220 - User created. Username: test_user_85. User_id: 86.
2025-08-21 09:11:54,365 - User created. Username: test_user_86. User_id: 87.
2025-08-21 09:11:54,509 - User created. Username: test_user_87. User_id: 88.
2025-08-21 09:11:54,654 - User created. Username: test_user_88. User_id: 89.
2025-08-21 09:11:54,795 - User created. Username: test_user_89. User_id: 90.
2025-08-21 09:11:54,939 - User created. Username: test_user_90. User_id: 91.
2025-08-21 09:11:55,080 - User created. Username: test_user_91. User_id: 92.
2025-08-21 09:11:55,222 - User created. Username: test_user_92. User_id: 93.
2025-08-21 09:11:55,364 - User created. Username: test_user_93. User_id: 94.
2025-08-21 09:11:55,506 - User created. Username: test_user_94. User_id: 95.
2025-08-21 09:11:55,649 - User created. Username: test_user_95. User_id: 96.
2025-08-21 09:11:55,793 - User created. Username: test_user_96. User_id: 97.
2025-08-21 09:11:55,937 - User created. Username: test_user_97. User_id: 98.
2025-08-21 09:11:56,080 - User created. Username: test_user_98. User_id: 99.
2025-08-21 09:11:56,221 - User created. Username: test_user_99. User_id: 100.
2025-08-21 09:11:56,365 - User created. Username: test_user_100. User_id: 101.
2025-08-21 09:11:56,510 - User created. Username: test_user_101. User_id: 102.
2025-08-21 09:11:56,652 - User created. Username: test_user_102. User_id: 103.
2025-08-21 09:11:56,793 - User created. Username: test_user_103. User_id: 104.
2025-08-21 09:11:56,936 - User created. Username: test_user_104. User_id: 105.
2025-08-21 09:11:57,078 - User created. Username: test_user_105. User_id: 106.
2025-08-21 09:11:57,221 - User created. Username: test_user_106. User_id: 107.
2025-08-21 09:11:57,363 - User created. Username: test_user_107. User_id: 108.
2025-08-21 09:11:57,505 - User created. Username: test_user_108. User_id: 109.
2025-08-21 09:11:57,647 - User created. Username: test_user_109. User_id: 110.
2025-08-21 09:11:57,790 - User created. Username: test_user_110. User_id: 111.
2025-08-21 09:11:57,941 - User created. Username: test_user_111. User_id: 112.
2025-08-21 09:11:58,084 - User created. Username: test_user_112. User_id: 113.
2025-08-21 09:11:58,225 - User created. Username: test_user_113. User_id: 114.
2025-08-21 09:11:58,369 - User created. Username: test_user_114. User_id: 115.
2025-08-21 09:11:58,510 - User created. Username: test_user_115. User_id: 116.
2025-08-21 09:11:58,652 - User created. Username: test_user_116. User_id: 117.
2025-08-21 09:11:58,799 - User created. Username: test_user_117. User_id: 118.
2025-08-21 09:11:58,944 - User created. Username: test_user_118. User_id: 119.
2025-08-21 09:11:59,088 - User created. Username: test_user_119. User_id: 120.
2025-08-21 09:11:59,231 - User created. Username: test_user_120. User_id: 121.
2025-08-21 09:11:59,372 - User created. Username: test_user_121. User_id: 122.
2025-08-21 09:11:59,516 - User created. Username: test_user_122. User_id: 123.
2025-08-21 09:11:59,658 - User created. Username: test_user_123. User_id: 124.
2025-08-21 09:11:59,801 - User created. Username: test_user_124. User_id: 125.
2025-08-21 09:11:59,945 - User created. Username: test_user_125. User_id: 126.
2025-08-21 09:12:00,088 - User created. Username: test_user_126. User_id: 127.
2025-08-21 09:12:00,231 - User created. Username: test_user_127. User_id: 128.
2025-08-21 09:12:00,372 - User created. Username: test_user_128. User_id: 129.
2025-08-21 09:12:00,515 - User created. Username: test_user_129. User_id: 130.
2025-08-21 09:12:00,656 - User created. Username: test_user_130. User_id: 131.
2025-08-21 09:12:00,800 - User created. Username: test_user_131. User_id: 132.
2025-08-21 09:12:00,942 - User created. Username: test_user_132. User_id: 133.
2025-08-21 09:12:01,086 - User created. Username: test_user_133. User_id: 134.
2025-08-21 09:12:01,232 - User created. Username: test_user_134. User_id: 135.
2025-08-21 09:12:01,377 - User created. Username: test_user_135. User_id: 136.
2025-08-21 09:12:01,523 - User created. Username: test_user_136. User_id: 137.
2025-08-21 09:12:01,666 - User created. Username: test_user_137. User_id: 138.
2025-08-21 09:12:01,808 - User created. Username: test_user_138. User_id: 139.
2025-08-21 09:12:01,952 - User created. Username: test_user_139. User_id: 140.
2025-08-21 09:12:02,094 - User created. Username: test_user_140. User_id: 141.
2025-08-21 09:12:02,237 - User created. Username: test_user_141. User_id: 142.
2025-08-21 09:12:02,381 - User created. Username: test_user_142. User_id: 143.
2025-08-21 09:12:02,522 - User created. Username: test_user_143. User_id: 144.
2025-08-21 09:12:02,667 - User created. Username: test_user_144. User_id: 145.
2025-08-21 09:12:02,811 - User created. Username: test_user_145. User_id: 146.
2025-08-21 09:12:02,957 - User created. Username: test_user_146. User_id: 147.
2025-08-21 09:12:03,100 - User created. Username: test_user_147. User_id: 148.
2025-08-21 09:12:03,242 - User created. Username: test_user_148. User_id: 149.
2025-08-21 09:12:03,385 - User created. Username: test_user_149. User_id: 150.
2025-08-21 09:12:03,535 - User created. Username: test_user_150. User_id: 151.
2025-08-21 09:12:03,679 - User created. Username: test_user_151. User_id: 152.
2025-08-21 09:12:03,821 - User created. Username: test_user_152. User_id: 153.
2025-08-21 09:12:03,969 - User created. Username: test_user_153. User_id: 154.
2025-08-21 09:12:04,109 - User created. Username: test_user_154. User_id: 155.
2025-08-21 09:12:04,252 - User created. Username: test_user_155. User_id: 156.
2025-08-21 09:12:04,394 - User created. Username: test_user_156. User_id: 157.
2025-08-21 09:12:04,537 - User created. Username: test_user_157. User_id: 158.
2025-08-21 09:12:04,678 - User created. Username: test_user_158. User_id: 159.
2025-08-21 09:12:04,819 - User created. Username: test_user_159. User_id: 160.
2025-08-21 09:12:04,962 - User created. Username: test_user_160. User_id: 161.
2025-08-21 09:12:05,103 - User created. Username: test_user_161. User_id: 162.
2025-08-21 09:12:05,246 - User created. Username: test_user_162. User_id: 163.
2025-08-21 09:12:05,386 - User created. Username: test_user_163. User_id: 164.
2025-08-21 09:12:05,529 - User created. Username: test_user_164. User_id: 165.
2025-08-21 09:12:05,672 - User created. Username: test_user_165. User_id: 166.
2025-08-21 09:12:05,814 - User created. Username: test_user_166. User_id: 167.
2025-08-21 09:12:05,959 - User created. Username: test_user_167. User_id: 168.
2025-08-21 09:12:06,101 - User created. Username: test_user_168. User_id: 169.
2025-08-21 09:12:06,244 - User created. Username: test_user_169. User_id: 170.
2025-08-21 09:12:06,390 - User created. Username: test_user_170. User_id: 171.
2025-08-21 09:12:06,532 - User created. Username: test_user_171. User_id: 172.
2025-08-21 09:12:06,675 - User created. Username: test_user_172. User_id: 173.
2025-08-21 09:12:06,822 - User created. Username: test_user_173. User_id: 174.
2025-08-21 09:12:06,964 - User created. Username: test_user_174. User_id: 175.
2025-08-21 09:12:07,106 - User created. Username: test_user_175. User_id: 176.
2025-08-21 09:12:07,251 - User created. Username: test_user_176. User_id: 177.
2025-08-21 09:12:07,394 - User created. Username: test_user_177. User_id: 178.
2025-08-21 09:12:07,537 - User created. Username: test_user_178. User_id: 179.
2025-08-21 09:12:07,682 - User created. Username: test_user_179. User_id: 180.
2025-08-21 09:12:07,824 - User created. Username: test_user_180. User_id: 181.
2025-08-21 09:12:07,971 - User created. Username: test_user_181. User_id: 182.
2025-08-21 09:12:08,113 - User created. Username: test_user_182. User_id: 183.
2025-08-21 09:12:08,256 - User created. Username: test_user_183. User_id: 184.
2025-08-21 09:12:08,403 - User created. Username: test_user_184. User_id: 185.
2025-08-21 09:12:08,544 - User created. Username: test_user_185. User_id: 186.
2025-08-21 09:12:08,686 - User created. Username: test_user_186. User_id: 187.
2025-08-21 09:12:08,832 - User created. Username: test_user_187. User_id: 188.
2025-08-21 09:12:08,977 - User created. Username: test_user_188. User_id: 189.
2025-08-21 09:12:09,123 - User created. Username: test_user_189. User_id: 190.
2025-08-21 09:12:09,266 - User created. Username: test_user_190. User_id: 191.
2025-08-21 09:12:09,410 - User created. Username: test_user_191. User_id: 192.
2025-08-21 09:12:09,554 - User created. Username: test_user_192. User_id: 193.
2025-08-21 09:12:09,699 - User created. Username: test_user_193. User_id: 194.
2025-08-21 09:12:09,840 - User created. Username: test_user_194. User_id: 195.
2025-08-21 09:12:09,983 - User created. Username: test_user_195. User_id: 196.
2025-08-21 09:12:10,131 - User created. Username: test_user_196. User_id: 197.
2025-08-21 09:12:10,272 - User created. Username: test_user_197. User_id: 198.
2025-08-21 09:12:10,413 - User created. Username: test_user_198. User_id: 199.
2025-08-21 09:12:10,554 - User created. Username: test_user_199. User_id: 200.
2025-08-21 09:12:10,696 - User created. Username: test_user_200. User_id: 201.
2025-08-21 09:12:10,698 - User admin (id: 1) logged off
2025-08-21 10:06:53,406 - User test_user_9 (id: 10) logged in
2025-08-21 10:06:53,411 - User test_user_6 (id: 7) logged in
2025-08-21 10:06:53,412 - User test_user_4 (id: 5) logged in
2025-08-21 10:06:53,413 - User test_user_8 (id: 9) logged in
2025-08-21 10:06:53,421 - User test_user_5 (id: 6) logged in
2025-08-21 10:06:53,421 - User test_user_3 (id: 4) logged in
2025-08-21 10:06:53,422 - User test_user_1 (id: 2) logged in
2025-08-21 10:06:53,423 - User test_user_10 (id: 11) logged in
2025-08-21 10:06:53,424 - User test_user_2 (id: 3) logged in
2025-08-21 10:06:53,428 - User test_user_7 (id: 8) logged in
2025-08-21 10:06:54,404 - User test_user_12 (id: 13) logged in
2025-08-21 10:06:54,404 - User test_user_15 (id: 16) logged in
2025-08-21 10:06:54,407 - User test_user_14 (id: 15) logged in
2025-08-21 10:06:54,411 - User test_user_11 (id: 12) logged in
2025-08-21 10:06:54,412 - User test_user_17 (id: 18) logged in
2025-08-21 10:06:54,415 - User test_user_19 (id: 20) logged in
2025-08-21 10:06:54,416 - User test_user_13 (id: 14) logged in
2025-08-21 10:06:54,415 - User test_user_16 (id: 17) logged in
2025-08-21 10:06:54,416 - User test_user_20 (id: 21) logged in
2025-08-21 10:06:54,417 - User test_user_18 (id: 19) logged in
2025-08-21 10:06:55,393 - User test_user_23 (id: 24) logged in
2025-08-21 10:06:55,400 - User test_user_27 (id: 28) logged in
2025-08-21 10:06:55,407 - User test_user_28 (id: 29) logged in
2025-08-21 10:06:55,407 - User test_user_22 (id: 23) logged in
2025-08-21 10:06:55,411 - User test_user_25 (id: 26) logged in
2025-08-21 10:06:55,413 - User test_user_21 (id: 22) logged in
2025-08-21 10:06:55,414 - User test_user_24 (id: 25) logged in
2025-08-21 10:06:55,417 - User test_user_30 (id: 31) logged in
2025-08-21 10:06:55,417 - User test_user_26 (id: 27) logged in
2025-08-21 10:06:55,418 - User test_user_29 (id: 30) logged in
2025-08-21 10:06:56,393 - User test_user_34 (id: 35) logged in
2025-08-21 10:06:56,397 - User test_user_36 (id: 37) logged in
2025-08-21 10:06:56,399 - User test_user_35 (id: 36) logged in
2025-08-21 10:06:56,404 - User test_user_32 (id: 33) logged in
2025-08-21 10:06:56,404 - User test_user_31 (id: 32) logged in
2025-08-21 10:06:56,406 - User test_user_40 (id: 41) logged in
2025-08-21 10:06:56,407 - User test_user_33 (id: 34) logged in
2025-08-21 10:06:56,407 - User test_user_39 (id: 40) logged in
2025-08-21 10:06:56,410 - User test_user_38 (id: 39) logged in
2025-08-21 10:06:56,416 - User test_user_37 (id: 38) logged in
2025-08-21 10:06:57,388 - User test_user_42 (id: 43) logged in
2025-08-21 10:06:57,392 - User test_user_50 (id: 51) logged in
2025-08-21 10:06:57,393 - User test_user_44 (id: 45) logged in
2025-08-21 10:06:57,394 - User test_user_48 (id: 49) logged in
2025-08-21 10:06:57,398 - User test_user_49 (id: 50) logged in
2025-08-21 10:06:57,402 - User test_user_46 (id: 47) logged in
2025-08-21 10:06:57,403 - User test_user_45 (id: 46) logged in
2025-08-21 10:06:57,403 - User test_user_43 (id: 44) logged in
2025-08-21 10:06:57,403 - User test_user_47 (id: 48) logged in
2025-08-21 10:06:57,408 - User test_user_41 (id: 42) logged in
2025-08-21 10:06:58,388 - User test_user_53 (id: 54) logged in
2025-08-21 10:06:58,390 - User test_user_51 (id: 52) logged in
2025-08-21 10:06:58,391 - User test_user_57 (id: 58) logged in
2025-08-21 10:06:58,392 - User test_user_54 (id: 55) logged in
2025-08-21 10:06:58,392 - User test_user_55 (id: 56) logged in
2025-08-21 10:06:58,399 - User test_user_60 (id: 61) logged in
2025-08-21 10:06:58,400 - User test_user_58 (id: 59) logged in
2025-08-21 10:06:58,402 - User test_user_52 (id: 53) logged in
2025-08-21 10:06:58,403 - User test_user_59 (id: 60) logged in
2025-08-21 10:06:58,403 - User test_user_56 (id: 57) logged in
2025-08-21 10:06:59,392 - User test_user_70 (id: 71) logged in
2025-08-21 10:06:59,394 - User test_user_66 (id: 67) logged in
2025-08-21 10:06:59,397 - User test_user_64 (id: 65) logged in
2025-08-21 10:06:59,397 - User test_user_63 (id: 64) logged in
2025-08-21 10:06:59,404 - User test_user_65 (id: 66) logged in
2025-08-21 10:06:59,404 - User test_user_61 (id: 62) logged in
2025-08-21 10:06:59,404 - User test_user_67 (id: 68) logged in
2025-08-21 10:06:59,406 - User test_user_68 (id: 69) logged in
2025-08-21 10:06:59,406 - User test_user_69 (id: 70) logged in
2025-08-21 10:06:59,407 - User test_user_62 (id: 63) logged in
2025-08-21 10:07:00,380 - User test_user_80 (id: 81) logged in
2025-08-21 10:07:00,382 - User test_user_72 (id: 73) logged in
2025-08-21 10:07:00,382 - User test_user_71 (id: 72) logged in
2025-08-21 10:07:00,386 - User test_user_76 (id: 77) logged in
2025-08-21 10:07:00,387 - User test_user_77 (id: 78) logged in
2025-08-21 10:07:00,387 - User test_user_74 (id: 75) logged in
2025-08-21 10:07:00,389 - User test_user_79 (id: 80) logged in
2025-08-21 10:07:00,390 - User test_user_75 (id: 76) logged in
2025-08-21 10:07:00,390 - User test_user_78 (id: 79) logged in
2025-08-21 10:07:00,391 - User test_user_73 (id: 74) logged in
2025-08-21 10:07:01,387 - User test_user_82 (id: 83) logged in
2025-08-21 10:07:01,391 - User test_user_84 (id: 85) logged in
2025-08-21 10:07:01,393 - User test_user_81 (id: 82) logged in
2025-08-21 10:07:01,395 - User test_user_85 (id: 86) logged in
2025-08-21 10:07:01,398 - User test_user_86 (id: 87) logged in
2025-08-21 10:07:01,402 - User test_user_90 (id: 91) logged in
2025-08-21 10:07:01,402 - User test_user_83 (id: 84) logged in
2025-08-21 10:07:01,410 - User test_user_89 (id: 90) logged in
2025-08-21 10:07:01,411 - User test_user_87 (id: 88) logged in
2025-08-21 10:07:01,413 - User test_user_88 (id: 89) logged in
2025-08-21 10:07:02,401 - User test_user_100 (id: 101) logged in
2025-08-21 10:07:02,403 - User test_user_95 (id: 96) logged in
2025-08-21 10:07:02,405 - User test_user_97 (id: 98) logged in
2025-08-21 10:07:02,407 - User test_user_98 (id: 99) logged in
2025-08-21 10:07:02,407 - User test_user_96 (id: 97) logged in
2025-08-21 10:07:02,411 - User test_user_99 (id: 100) logged in
2025-08-21 10:07:02,412 - User test_user_91 (id: 92) logged in
2025-08-21 10:07:02,413 - User test_user_94 (id: 95) logged in
2025-08-21 10:07:02,416 - User test_user_93 (id: 94) logged in
2025-08-21 10:07:02,420 - User test_user_92 (id: 93) logged in
2025-08-21 10:07:03,399 - User test_user_110 (id: 111) logged in
2025-08-21 10:07:03,402 - User test_user_102 (id: 103) logged in
2025-08-21 10:07:03,403 - User test_user_107 (id: 108) logged in
2025-08-21 10:07:03,405 - User test_user_106 (id: 107) logged in
2025-08-21 10:07:03,407 - User test_user_101 (id: 102) logged in
2025-08-21 10:07:03,411 - User test_user_108 (id: 109) logged in
2025-08-21 10:07:03,413 - User test_user_103 (id: 104) logged in
2025-08-21 10:07:03,415 - User test_user_104 (id: 105) logged in
2025-08-21 10:07:03,415 - User test_user_105 (id: 106) logged in
2025-08-21 10:07:03,415 - User test_user_109 (id: 110) logged in
2025-08-21 10:07:04,406 - User test_user_119 (id: 120) logged in
2025-08-21 10:07:04,406 - User test_user_112 (id: 113) logged in
2025-08-21 10:07:04,406 - User test_user_114 (id: 115) logged in
2025-08-21 10:07:04,406 - User test_user_120 (id: 121) logged in
2025-08-21 10:07:04,409 - User test_user_118 (id: 119) logged in
2025-08-21 10:07:04,409 - User test_user_113 (id: 114) logged in
2025-08-21 10:07:04,413 - User test_user_117 (id: 118) logged in
2025-08-21 10:07:04,415 - User test_user_116 (id: 117) logged in
2025-08-21 10:07:04,415 - User test_user_111 (id: 112) logged in
2025-08-21 10:07:04,418 - User test_user_115 (id: 116) logged in
2025-08-21 10:07:05,425 - User test_user_123 (id: 124) logged in
2025-08-21 10:07:05,431 - User test_user_130 (id: 131) logged in
2025-08-21 10:07:05,435 - User test_user_124 (id: 125) logged in
2025-08-21 10:07:05,436 - User test_user_122 (id: 123) logged in
2025-08-21 10:07:05,436 - User test_user_121 (id: 122) logged in
2025-08-21 10:07:05,449 - User test_user_128 (id: 129) logged in
2025-08-21 10:07:05,452 - User test_user_127 (id: 128) logged in
2025-08-21 10:07:05,454 - User test_user_129 (id: 130) logged in
2025-08-21 10:07:05,457 - User test_user_126 (id: 127) logged in
2025-08-21 10:07:05,458 - User test_user_125 (id: 126) logged in
2025-08-21 10:07:06,438 - User test_user_137 (id: 138) logged in
2025-08-21 10:07:06,442 - User test_user_140 (id: 141) logged in
2025-08-21 10:07:06,449 - User test_user_134 (id: 135) logged in
2025-08-21 10:07:06,451 - User test_user_131 (id: 132) logged in
2025-08-21 10:07:06,452 - User test_user_132 (id: 133) logged in
2025-08-21 10:07:06,462 - User test_user_136 (id: 137) logged in
2025-08-21 10:07:06,463 - User test_user_133 (id: 134) logged in
2025-08-21 10:07:06,492 - User test_user_139 (id: 140) logged in
2025-08-21 10:07:06,492 - User test_user_135 (id: 136) logged in
2025-08-21 10:07:06,492 - User test_user_138 (id: 139) logged in
2025-08-21 10:07:07,443 - User test_user_150 (id: 151) logged in
2025-08-21 10:07:07,445 - User test_user_147 (id: 148) logged in
2025-08-21 10:07:07,445 - User test_user_141 (id: 142) logged in
2025-08-21 10:07:07,447 - User test_user_148 (id: 149) logged in
2025-08-21 10:07:07,452 - User test_user_146 (id: 147) logged in
2025-08-21 10:07:07,453 - User test_user_145 (id: 146) logged in
2025-08-21 10:07:07,455 - User test_user_149 (id: 150) logged in
2025-08-21 10:07:07,455 - User test_user_142 (id: 143) logged in
2025-08-21 10:07:07,455 - User test_user_143 (id: 144) logged in
2025-08-21 10:07:07,456 - User test_user_144 (id: 145) logged in
2025-08-21 10:07:09,801 - User test_user_153 (id: 154) logged in
2025-08-21 10:07:09,804 - User test_user_158 (id: 159) logged in
2025-08-21 10:07:09,807 - User test_user_156 (id: 157) logged in
2025-08-21 10:07:09,807 - User test_user_157 (id: 158) logged in
2025-08-21 10:07:09,809 - User test_user_155 (id: 156) logged in
2025-08-21 10:07:09,812 - User test_user_151 (id: 152) logged in
2025-08-21 10:07:09,812 - User test_user_154 (id: 155) logged in
2025-08-21 10:07:09,812 - User test_user_159 (id: 160) logged in
2025-08-21 10:07:09,812 - User test_user_152 (id: 153) logged in
2025-08-21 10:07:09,823 - User test_user_160 (id: 161) logged in
2025-08-21 10:07:10,804 - User test_user_163 (id: 164) logged in
2025-08-21 10:07:10,804 - User test_user_164 (id: 165) logged in
2025-08-21 10:07:10,805 - User test_user_170 (id: 171) logged in
2025-08-21 10:07:10,806 - User test_user_161 (id: 162) logged in
2025-08-21 10:07:10,808 - User test_user_167 (id: 168) logged in
2025-08-21 10:07:10,808 - User test_user_165 (id: 166) logged in
2025-08-21 10:07:10,808 - User test_user_162 (id: 163) logged in
2025-08-21 10:07:10,809 - User test_user_168 (id: 169) logged in
2025-08-21 10:07:10,809 - User test_user_169 (id: 170) logged in
2025-08-21 10:07:10,810 - User test_user_166 (id: 167) logged in
2025-08-21 10:07:11,795 - User test_user_174 (id: 175) logged in
2025-08-21 10:07:11,796 - User test_user_178 (id: 179) logged in
2025-08-21 10:07:11,796 - User test_user_172 (id: 173) logged in
2025-08-21 10:07:11,798 - User test_user_173 (id: 174) logged in
2025-08-21 10:07:11,799 - User test_user_176 (id: 177) logged in
2025-08-21 10:07:11,801 - User test_user_177 (id: 178) logged in
2025-08-21 10:07:11,801 - User test_user_179 (id: 180) logged in
2025-08-21 10:07:11,804 - User test_user_171 (id: 172) logged in
2025-08-21 10:07:11,805 - User test_user_180 (id: 181) logged in
2025-08-21 10:07:11,808 - User test_user_175 (id: 176) logged in
2025-08-21 10:07:12,816 - User test_user_181 (id: 182) logged in
2025-08-21 10:07:12,817 - User test_user_182 (id: 183) logged in
2025-08-21 10:07:12,820 - User test_user_190 (id: 191) logged in
2025-08-21 10:07:12,820 - User test_user_184 (id: 185) logged in
2025-08-21 10:07:12,820 - User test_user_185 (id: 186) logged in
2025-08-21 10:07:12,820 - User test_user_183 (id: 184) logged in
2025-08-21 10:07:12,822 - User test_user_188 (id: 189) logged in
2025-08-21 10:07:12,822 - User test_user_189 (id: 190) logged in
2025-08-21 10:07:12,822 - User test_user_186 (id: 187) logged in
2025-08-21 10:07:12,822 - User test_user_187 (id: 188) logged in
2025-08-21 10:07:13,831 - User test_user_191 (id: 192) logged in
2025-08-21 10:07:13,831 - User test_user_195 (id: 196) logged in
2025-08-21 10:07:13,831 - User test_user_194 (id: 195) logged in
2025-08-21 10:07:13,831 - User test_user_193 (id: 194) logged in
2025-08-21 10:07:13,833 - User test_user_196 (id: 197) logged in
2025-08-21 10:07:13,850 - User test_user_197 (id: 198) logged in
2025-08-21 10:07:13,850 - User test_user_200 (id: 201) logged in
2025-08-21 10:07:13,852 - User test_user_198 (id: 199) logged in
2025-08-21 10:07:13,852 - User test_user_192 (id: 193) logged in
2025-08-21 10:07:13,854 - User test_user_199 (id: 200) logged in
2025-08-21 10:12:02,107 - User test_user_22 (id: 23) logged off
2025-08-21 10:12:02,108 - User test_user_82 (id: 83) logged off
2025-08-21 10:12:02,108 - User test_user_74 (id: 75) logged off
2025-08-21 10:12:02,109 - User test_user_174 (id: 175) logged off
2025-08-21 10:12:02,109 - User test_user_6 (id: 7) logged off
2025-08-21 10:12:02,109 - User test_user_124 (id: 125) logged off
2025-08-21 10:12:02,110 - User test_user_77 (id: 78) logged off
2025-08-21 10:12:02,110 - User test_user_126 (id: 127) logged off
2025-08-21 10:12:02,110 - User test_user_30 (id: 31) logged off
2025-08-21 10:12:02,112 - User test_user_127 (id: 128) logged off
2025-08-21 10:12:02,116 - User test_user_4 (id: 5) logged off
2025-08-21 10:12:02,116 - User test_user_3 (id: 4) logged off
2025-08-21 10:12:02,116 - User test_user_27 (id: 28) logged off
2025-08-21 10:12:02,117 - User test_user_16 (id: 17) logged off
2025-08-21 10:12:02,116 - User test_user_183 (id: 184) logged off
2025-08-21 10:12:02,116 - User test_user_36 (id: 37) logged off
2025-08-21 10:12:02,116 - User test_user_185 (id: 186) logged off
2025-08-21 10:12:02,116 - User test_user_38 (id: 39) logged off
2025-08-21 10:12:02,117 - User test_user_40 (id: 41) logged off
2025-08-21 10:12:02,117 - User test_user_116 (id: 117) logged off
2025-08-21 10:12:02,116 - User test_user_120 (id: 121) logged off
2025-08-21 10:12:02,118 - User test_user_92 (id: 93) logged off
2025-08-21 10:12:02,118 - User test_user_15 (id: 16) logged off
2025-08-21 10:12:02,118 - User test_user_145 (id: 146) logged off
2025-08-21 10:12:02,118 - User test_user_14 (id: 15) logged off
2025-08-21 10:12:02,119 - User test_user_146 (id: 147) logged off
2025-08-21 10:12:02,121 - User test_user_50 (id: 51) logged off
2025-08-21 10:12:02,121 - User test_user_64 (id: 65) logged off
2025-08-21 10:12:02,121 - User test_user_150 (id: 151) logged off
2025-08-21 10:12:02,121 - User test_user_160 (id: 161) logged off
2025-08-21 10:12:02,121 - User test_user_110 (id: 111) logged off
2025-08-21 10:12:02,121 - User test_user_109 (id: 110) logged off
2025-08-21 10:12:02,121 - User test_user_153 (id: 154) logged off
2025-08-21 10:12:02,123 - User test_user_112 (id: 113) logged off
2025-08-21 10:12:02,134 - User test_user_182 (id: 183) logged off
2025-08-21 10:12:02,134 - User test_user_71 (id: 72) logged off
2025-08-21 10:12:02,134 - User test_user_7 (id: 8) logged off
2025-08-21 10:12:02,134 - User test_user_20 (id: 21) logged off
2025-08-21 10:12:02,134 - User test_user_170 (id: 171) logged off
2025-08-21 10:12:02,134 - User test_user_119 (id: 120) logged off
2025-08-21 10:12:02,134 - User test_user_83 (id: 84) logged off
2025-08-21 10:12:02,134 - User test_user_169 (id: 170) logged off
2025-08-21 10:12:02,134 - User test_user_70 (id: 71) logged off
2025-08-21 10:12:02,134 - User test_user_69 (id: 70) logged off
2025-08-21 10:12:02,135 - User test_user_171 (id: 172) logged off
2025-08-21 10:12:02,136 - User test_user_72 (id: 73) logged off
2025-08-21 10:12:02,137 - User test_user_172 (id: 173) logged off
2025-08-21 10:12:02,138 - User test_user_131 (id: 132) logged off
2025-08-21 10:12:02,139 - User test_user_33 (id: 34) logged off
2025-08-21 10:12:02,140 - User test_user_168 (id: 169) logged off
2025-08-21 10:12:02,141 - User test_user_73 (id: 74) logged off
2025-08-21 10:12:02,141 - User test_user_173 (id: 174) logged off
2025-08-21 10:12:02,143 - User test_user_122 (id: 123) logged off
2025-08-21 10:12:02,144 - User test_user_123 (id: 124) logged off
2025-08-21 10:12:02,145 - User test_user_75 (id: 76) logged off
2025-08-21 10:12:02,145 - User test_user_175 (id: 176) logged off
2025-08-21 10:12:02,146 - User test_user_181 (id: 182) logged off
2025-08-21 10:12:02,147 - User test_user_76 (id: 77) logged off
2025-08-21 10:12:02,148 - User test_user_130 (id: 131) logged off
2025-08-21 10:12:02,148 - User test_user_32 (id: 33) logged off
2025-08-21 10:12:02,149 - User test_user_125 (id: 126) logged off
2025-08-21 10:12:02,151 - User test_user_1 (id: 2) logged off
2025-08-21 10:12:02,151 - User test_user_81 (id: 82) logged off
2025-08-21 10:12:02,152 - User test_user_177 (id: 178) logged off
2025-08-21 10:12:02,153 - User test_user_2 (id: 3) logged off
2025-08-21 10:12:02,154 - User test_user_5 (id: 6) logged off
2025-08-21 10:12:02,155 - User test_user_178 (id: 179) logged off
2025-08-21 10:12:02,156 - User test_user_180 (id: 181) logged off
2025-08-21 10:12:02,157 - User test_user_79 (id: 80) logged off
2025-08-21 10:12:02,158 - User test_user_128 (id: 129) logged off
2025-08-21 10:12:02,159 - User test_user_129 (id: 130) logged off
2025-08-21 10:12:02,159 - User test_user_31 (id: 32) logged off
2025-08-21 10:12:02,160 - User test_user_80 (id: 81) logged off
2025-08-21 10:12:02,162 - User test_user_179 (id: 180) logged off
2025-08-21 10:12:02,163 - User test_user_78 (id: 79) logged off
2025-08-21 10:12:02,163 - User test_user_29 (id: 30) logged off
2025-08-21 10:12:02,164 - User test_user_28 (id: 29) logged off
2025-08-21 10:12:02,165 - User test_user_176 (id: 177) logged off
2025-08-21 10:12:02,166 - User test_user_25 (id: 26) logged off
2025-08-21 10:12:02,167 - User test_user_26 (id: 27) logged off
2025-08-21 10:12:02,168 - User test_user_121 (id: 122) logged off
2025-08-21 10:12:02,168 - User test_user_24 (id: 25) logged off
2025-08-21 10:12:02,170 - User test_user_23 (id: 24) logged off
2025-08-21 10:12:02,172 - User test_user_19 (id: 20) logged off
2025-08-21 10:12:02,173 - User test_user_34 (id: 35) logged off
2025-08-21 10:12:02,177 - User test_user_132 (id: 133) logged off
2025-08-21 10:12:02,179 - User test_user_84 (id: 85) logged off
2025-08-21 10:12:02,180 - User test_user_118 (id: 119) logged off
2025-08-21 10:12:02,181 - User test_user_35 (id: 36) logged off
2025-08-21 10:12:02,182 - User test_user_133 (id: 134) logged off
2025-08-21 10:12:02,183 - User test_user_18 (id: 19) logged off
2025-08-21 10:12:02,186 - User test_user_9 (id: 10) logged off
2025-08-21 10:12:02,186 - User test_user_85 (id: 86) logged off
2025-08-21 10:12:02,187 - User test_user_167 (id: 168) logged off
2025-08-21 10:12:02,189 - User test_user_10 (id: 11) logged off
2025-08-21 10:12:02,192 - User test_user_68 (id: 69) logged off
2025-08-21 10:12:02,192 - User test_user_117 (id: 118) logged off
2025-08-21 10:12:02,192 - User test_user_135 (id: 136) logged off
2025-08-21 10:12:13,482 - User admin (id: 1) logged in
2025-08-21 10:12:19,754 - User admin (id: 1) logged off
