2025-08-21 08:45:01,166 - User admin (id: 1) logged off
2025-08-21 08:46:47,626 - User created. Username: test_user_1. User_id: 2.
2025-08-21 08:46:47,771 - User created. Username: test_user_2. User_id: 3.
2025-08-21 08:46:47,915 - User created. Username: test_user_3. User_id: 4.
2025-08-21 08:46:48,061 - User created. Username: test_user_4. User_id: 5.
2025-08-21 08:46:48,205 - User created. Username: test_user_5. User_id: 6.
2025-08-21 08:46:48,345 - User created. Username: test_user_6. User_id: 7.
2025-08-21 08:46:48,491 - User created. Username: test_user_7. User_id: 8.
2025-08-21 08:46:48,635 - User created. Username: test_user_8. User_id: 9.
2025-08-21 08:46:48,780 - User created. Username: test_user_9. User_id: 10.
2025-08-21 08:46:48,924 - User created. Username: test_user_10. User_id: 11.
2025-08-21 08:46:49,067 - User created. Username: test_user_11. User_id: 12.
2025-08-21 08:46:49,212 - User created. Username: test_user_12. User_id: 13.
2025-08-21 08:46:49,353 - User created. Username: test_user_13. User_id: 14.
2025-08-21 08:46:49,495 - User created. Username: test_user_14. User_id: 15.
2025-08-21 08:46:49,637 - User created. Username: test_user_15. User_id: 16.
2025-08-21 08:46:49,776 - User created. Username: test_user_16. User_id: 17.
2025-08-21 08:46:49,923 - User created. Username: test_user_17. User_id: 18.
2025-08-21 08:46:50,065 - User created. Username: test_user_18. User_id: 19.
2025-08-21 08:46:50,206 - User created. Username: test_user_19. User_id: 20.
2025-08-21 08:46:50,349 - User created. Username: test_user_20. User_id: 21.
2025-08-21 08:47:03,949 - User test_user_1 (id: 2) logged in
2025-08-21 08:47:03,956 - User test_user_1 (id: 2) logged off
2025-08-21 08:47:04,091 - User test_user_1 (id: 2) logged in
2025-08-21 08:47:04,234 - User admin (id: 1) logged in
2025-08-21 08:47:04,238 - User test_user_1 (id: 2) logged off
2025-08-21 08:47:04,239 - User admin (id: 1) logged off
2025-08-21 08:47:18,873 - User admin (id: 1) logged in
2025-08-21 08:47:18,883 - User 2's role is changed by admin admin (id: 1). The role is change to banned.
2025-08-21 08:47:19,165 - User 2's role is changed by admin admin (id: 1). The role is change to user.
2025-08-21 08:47:19,303 - User test_user_1 (id: 2) logged in
2025-08-21 08:47:19,304 - User admin (id: 1) logged off
2025-08-21 08:47:19,305 - User test_user_1 (id: 2) logged off
2025-08-21 08:47:19,446 - User test_user_1 (id: 2) logged in
2025-08-21 08:47:19,447 - User test_user_1 (id: 2) logged off
2025-08-21 08:47:28,813 - User test_user_1 (id: 2) logged in
2025-08-21 08:47:28,950 - User admin (id: 1) logged in
2025-08-21 08:47:28,961 - User 2's role is changed by admin admin (id: 1). The role is change to admin.
2025-08-21 08:47:28,970 - User 2's role is changed by admin admin (id: 1). The role is change to user.
2025-08-21 08:47:28,971 - User admin (id: 1) logged off
2025-08-21 08:47:28,972 - User test_user_1 (id: 2) logged off
2025-08-21 08:47:29,118 - User test_user_1 (id: 2) logged in
2025-08-21 08:47:29,258 - User admin (id: 1) logged in
2025-08-21 08:47:29,404 - Admin user created by admin (id: 1). Username: test_admin_1. User_id: 22.
2025-08-21 08:47:29,407 - User test_user_1 (id: 2) logged off
2025-08-21 08:47:29,408 - User admin (id: 1) logged off
2025-08-21 08:47:29,552 - User test_user_1 (id: 2) logged in
2025-08-21 08:47:29,694 - User admin (id: 1) logged in
2025-08-21 08:47:29,700 - User admin (id: 1) logged off
2025-08-21 08:47:29,701 - User test_user_1 (id: 2) logged off
2025-08-21 08:47:29,852 - User created. Username: test_user_21. User_id: 23.
2025-08-21 08:47:29,992 - User admin (id: 1) logged in
2025-08-21 08:47:29,996 - User admin (id: 1) logged off
2025-08-21 08:47:30,137 - User test_user_1 (id: 2) logged in
2025-08-21 08:47:30,277 - User admin (id: 1) logged in
2025-08-21 08:47:30,296 - User 2's role is changed by admin admin (id: 1). The role is change to admin.
2025-08-21 08:47:30,303 - User 2's role is changed by admin admin (id: 1). The role is change to user.
2025-08-21 08:47:30,304 - User admin (id: 1) logged off
2025-08-21 08:47:30,306 - User test_user_1 (id: 2) logged off
2025-08-21 08:47:43,374 - User test_user_2 (id: 3) logged in
2025-08-21 08:47:43,392 - User test_user_2 (id: 3) logged off
2025-08-21 08:47:43,534 - User test_user_1 (id: 2) logged in
2025-08-21 08:47:43,592 - User test_user_1 (id: 2) logged off
2025-08-21 08:47:43,731 - User test_user_1 (id: 2) logged in
2025-08-21 08:47:43,872 - User test_user_2 (id: 3) logged in
2025-08-21 08:47:44,013 - User admin (id: 1) logged in
2025-08-21 08:47:44,024 - User admin (id: 1) logged off
2025-08-21 08:47:44,025 - User test_user_1 (id: 2) logged off
2025-08-21 08:47:44,026 - User test_user_2 (id: 3) logged off
2025-08-21 08:47:44,172 - User test_user_3 (id: 4) logged in
2025-08-21 08:47:44,313 - User test_user_4 (id: 5) logged in
2025-08-21 08:47:44,466 - User test_user_5 (id: 6) logged in
2025-08-21 08:47:54,741 - User test_user_1 (id: 2) logged in
2025-08-21 08:47:54,888 - User admin (id: 1) logged in
2025-08-21 08:47:54,906 - User admin (id: 1) logged off
2025-08-21 08:47:54,908 - User test_user_1 (id: 2) logged off
2025-08-21 08:47:54,909 - User test_user_3 (id: 4) logged off
2025-08-21 08:47:54,910 - User test_user_4 (id: 5) logged off
2025-08-21 08:47:54,911 - User test_user_5 (id: 6) logged off
2025-08-21 08:47:55,053 - User test_user_1 (id: 2) logged in
2025-08-21 08:47:55,196 - User admin (id: 1) logged in
2025-08-21 08:47:55,215 - User test_user_1 (id: 2) logged off
2025-08-21 08:47:55,216 - User admin (id: 1) logged off
2025-08-21 08:47:55,362 - User test_user_2 (id: 3) logged in
2025-08-21 08:47:55,516 - User test_user_1 (id: 2) logged in
2025-08-21 08:47:55,661 - User admin (id: 1) logged in
2025-08-21 08:47:55,672 - User admin (id: 1) logged off
2025-08-21 08:47:55,673 - User test_user_1 (id: 2) logged off
2025-08-21 08:47:55,674 - User test_user_2 (id: 3) logged off
2025-08-21 08:47:55,814 - User admin (id: 1) logged in
2025-08-21 08:48:14,847 - User test_user_1 (id: 2) logged in
2025-08-21 08:48:14,991 - User admin (id: 1) logged in
2025-08-21 08:48:15,013 - User admin (id: 1) logged off
2025-08-21 08:48:15,014 - User test_user_1 (id: 2) logged off
2025-08-21 08:48:15,156 - User test_user_1 (id: 2) logged in
2025-08-21 08:48:15,301 - User admin (id: 1) logged in
